<?xml version="1.0" encoding="UTF-8"?>
<!-- Generated by org.testng.reporters.JUnitXMLReporter -->
<testsuite ignored="3" hostname="DESKTOP-FVU0TVR" failures="0" tests="2" name="Practice Grouping" time="0.066" errors="0" timestamp="2025-05-16T20:00:40 IST">
  <testcase classname="com.scs.basicexample.GroupExample" name="fun2" time="0.015"/>
  <testcase classname="com.scs.basicexample.GroupExample" name="fun4" time="0.001"/>
  <testcase classname="com.scs.basicexample.GroupExample" name="fun1" time="0.0">
    <ignored/>
  </testcase> <!-- fun1 -->
  <testcase classname="com.scs.basicexample.GroupExample" name="fun3" time="0.0">
    <ignored/>
  </testcase> <!-- fun3 -->
  <testcase classname="com.scs.basicexample.GroupExample" name="fun5" time="0.0">
    <ignored/>
  </testcase> <!-- fun5 -->
</testsuite> <!-- Practice Grouping -->
