<?xml version="1.0" encoding="UTF-8"?>
<testng-results ignored="3" total="5" passed="2" failed="0" skipped="0">
  <reporter-output>
  </reporter-output>
  <suite started-at="2025-05-16T20:00:40 IST" name="Suite" finished-at="2025-05-16T20:00:40 IST" duration-ms="66">
    <groups>
      <group name="user">
        <method signature="GroupExample.fun2()[pri:0, instance:com.scs.basicexample.GroupExample@6771beb3]" name="fun2" class="com.scs.basicexample.GroupExample"/>
        <method signature="GroupExample.fun4()[pri:0, instance:com.scs.basicexample.GroupExample@6771beb3]" name="fun4" class="com.scs.basicexample.GroupExample"/>
      </group> <!-- user -->
    </groups>
    <test started-at="2025-05-16T20:00:40 IST" name="Practice Grouping" finished-at="2025-05-16T20:00:40 IST" duration-ms="66">
      <class name="com.scs.basicexample.GroupExample">
        <test-method signature="fun2()[pri:0, instance:com.scs.basicexample.GroupExample@6771beb3]" started-at="2025-05-16T20:00:40 IST" name="fun2" finished-at="2025-05-16T20:00:40 IST" duration-ms="15" status="PASS">
          <reporter-output>
          </reporter-output>
        </test-method> <!-- fun2 -->
        <test-method signature="fun4()[pri:0, instance:com.scs.basicexample.GroupExample@6771beb3]" started-at="2025-05-16T20:00:40 IST" name="fun4" finished-at="2025-05-16T20:00:40 IST" duration-ms="1" status="PASS">
          <reporter-output>
          </reporter-output>
        </test-method> <!-- fun4 -->
      </class> <!-- com.scs.basicexample.GroupExample -->
    </test> <!-- Practice Grouping -->
  </suite> <!-- Suite -->
</testng-results>
